#
# There is insufficient memory for the Java Runtime Environment to continue.
# Native memory allocation (mmap) failed to map 67108864 bytes. Error detail: G1 virtual space
# Possible reasons:
#   The system is out of physical RAM or swap space
#   This process is running with CompressedOops enabled, and the Java Heap may be blocking the growth of the native heap
# Possible solutions:
#   Reduce memory load on the system
#   Increase physical memory or swap space
#   Check if swap backing store is full
#   Decrease Java heap size (-Xmx/-Xms)
#   Decrease number of Java threads
#   Decrease Java thread stack sizes (-Xss)
#   Set larger code cache with -XX:ReservedCodeCacheSize=
#   JVM is running with Unscaled Compressed Oops mode in which the Java heap is
#     placed in the first 4GB address space. The Java Heap base address is the
#     maximum limit for the native heap growth. Please use -XX:HeapBaseMinAddress
#     to set the Java Heap base and to place the Java Heap above 4GB virtual address.
# This output file may be truncated or incomplete.
#
#  Out of Memory Error (os_windows.cpp:3707), pid=9720, tid=4812
#
# JRE version:  (23.0.2+7) (build )
# Java VM: Java HotSpot(TM) 64-Bit Server VM (23.0.2+7-58, mixed mode, sharing, tiered, compressed oops, compressed class ptrs, g1 gc, windows-amd64)
# No core dump will be written. Minidumps are not enabled by default on client versions of Windows
#

---------------  S U M M A R Y ------------

Command Line: -Dfile.encoding=UTF-8 --module-path=C:\Users\Windows 10\Documents\NetBeansProjects\Modul5_soal22\build\classes modul5_soal22.Main

Host: Intel(R) Core(TM) i7-4720HQ CPU @ 2.60GHz, 8 cores, 3G,  Windows 10 , 64 bit Build 19041 (10.0.19041.5794)
Time: Wed May 21 18:56:17 2025 SE Asia Standard Time elapsed time: 0.015342 seconds (0d 0h 0m 0s)

---------------  T H R E A D  ---------------

Current thread (0x00000274ac26cd80):  JavaThread "Unknown thread" [_thread_in_vm, id=4812, stack(0x000000d174700000,0x000000d174800000) (1024K)]

Stack: [0x000000d174700000,0x000000d174800000]
Native frames: (J=compiled Java code, j=interpreted, Vv=VM code, C=native code)
V  [jvm.dll+0x6e0b99]  (no source info available)
V  [jvm.dll+0x87e2b3]  (no source info available)
V  [jvm.dll+0x88073e]  (no source info available)
V  [jvm.dll+0x880e13]  (no source info available)
V  [jvm.dll+0x27b006]  (no source info available)
V  [jvm.dll+0x6dd485]  (no source info available)
V  [jvm.dll+0x6d127a]  (no source info available)
V  [jvm.dll+0x35b50a]  (no source info available)
V  [jvm.dll+0x363916]  (no source info available)
V  [jvm.dll+0x34fe7e]  (no source info available)
V  [jvm.dll+0x350118]  (no source info available)
V  [jvm.dll+0x328aec]  (no source info available)
V  [jvm.dll+0x32978e]  (no source info available)
V  [jvm.dll+0x8449a5]  (no source info available)
V  [jvm.dll+0x3b9a08]  (no source info available)
V  [jvm.dll+0x82d68c]  (no source info available)
V  [jvm.dll+0x454f2e]  (no source info available)
V  [jvm.dll+0x456db1]  (no source info available)
C  [jli.dll+0x52a3]  (no source info available)
C  [ucrtbase.dll+0x21bb2]  (no source info available)
C  [KERNEL32.DLL+0x17374]  (no source info available)
C  [ntdll.dll+0x4cc91]  (no source info available)

Lock stack of current Java thread (top to bottom):


---------------  P R O C E S S  ---------------

Threads class SMR info:
_java_thread_list=0x00007fff08584618, length=0, elements={
}

Java Threads: ( => current thread )
Total: 0

Other Threads:
  0x00000274ae607020 WorkerThread "GC Thread#0"                     [id=7396, stack(0x000000d174800000,0x000000d174900000) (1024K)]
  0x00000274ae611dc0 ConcurrentGCThread "G1 Main Marker"            [id=11336, stack(0x000000d174900000,0x000000d174a00000) (1024K)]
  0x00000274ae6128d0 WorkerThread "G1 Conc#0"                       [id=5704, stack(0x000000d174a00000,0x000000d174b00000) (1024K)]

[error occurred during error reporting (printing all threads), id 0xc0000005, EXCEPTION_ACCESS_VIOLATION (0xc0000005) at pc=0x00007fff07ccc0da]
VM state: not at safepoint (not fully initialized)

VM Mutex/Monitor currently owned by a thread:  ([mutex/lock_event])
[0x00007fff08604988] Heap_lock - owner thread: 0x00000274ac26cd80

Heap address: 0x00000000c1c00000, size: 996 MB, Compressed Oops mode: 32-bit

CDS archive(s) mapped at: [0x0000000000000000-0x0000000000000000-0x0000000000000000), size 0, SharedBaseAddress: 0x0000000800000000, ArchiveRelocationMode: 1.
Narrow klass base: 0x0000000000000000, Narrow klass shift: 0, Narrow klass range: 0x0

GC Precious Log:
 CardTable entry size: 512
 Card Set container configuration: InlinePtr #cards 5 size 8 Array Of Cards #cards 10 size 36 Howl #buckets 4 coarsen threshold 1843 Howl Bitmap #cards 512 size 80 coarsen threshold 460 Card regions per heap region 1 cards per card region 2048

Heap:
 garbage-first heap   total reserved 1019904K, committed 0K, used 0K [0x00000000c1c00000, 0x0000000100000000)
  region size 1024K, 0 young (0K), 0 survivors (0K)

[error occurred during error reporting (printing heap information), id 0xc0000005, EXCEPTION_ACCESS_VIOLATION (0xc0000005) at pc=0x00007fff080cc6a9]
GC Heap History (0 events):
No events

Dll operation events (1 events):
Event: 0.012 Loaded shared library C:\Program Files\Java\jdk-23\bin\java.dll

Deoptimization events (0 events):
No events

Classes loaded (0 events):
No events

Classes unloaded (0 events):
No events

Classes redefined (0 events):
No events

Internal exceptions (0 events):
No events

VM Operations (0 events):
No events

Memory protections (0 events):
No events

Nmethod flushes (0 events):
No events

Events (0 events):
No events


Dynamic libraries:
0x00007ff6c4900000 - 0x00007ff6c4910000 	C:\Program Files\Java\jdk-23\bin\java.exe
0x00007fff75a70000 - 0x00007fff75c68000 	C:\WINDOWS\SYSTEM32\ntdll.dll
0x00007fff742f0000 - 0x00007fff743b2000 	C:\WINDOWS\System32\KERNEL32.DLL
0x00007fff73400000 - 0x00007fff736f6000 	C:\WINDOWS\System32\KERNELBASE.dll
0x00007fff73700000 - 0x00007fff73800000 	C:\WINDOWS\System32\ucrtbase.dll
0x00007fff68240000 - 0x00007fff6825b000 	C:\Program Files\Java\jdk-23\bin\VCRUNTIME140.dll
0x00007fff4f140000 - 0x00007fff4f157000 	C:\Program Files\Java\jdk-23\bin\jli.dll
0x00007fff75530000 - 0x00007fff756cd000 	C:\WINDOWS\System32\USER32.dll
0x00007fff67140000 - 0x00007fff673da000 	C:\WINDOWS\WinSxS\amd64_microsoft.windows.common-controls_6595b64144ccf1df_6.0.19041.5794_none_60bcd33171f2783c\COMCTL32.dll
0x00007fff73110000 - 0x00007fff73132000 	C:\WINDOWS\System32\win32u.dll
0x00007fff74900000 - 0x00007fff7499e000 	C:\WINDOWS\System32\msvcrt.dll
0x00007fff746a0000 - 0x00007fff746cb000 	C:\WINDOWS\System32\GDI32.dll
0x00007fff73900000 - 0x00007fff73a1a000 	C:\WINDOWS\System32\gdi32full.dll
0x00007fff73200000 - 0x00007fff7329d000 	C:\WINDOWS\System32\msvcp_win.dll
0x00007fff752b0000 - 0x00007fff752df000 	C:\WINDOWS\System32\IMM32.DLL
0x00007fff617e0000 - 0x00007fff617ec000 	C:\Program Files\Java\jdk-23\bin\vcruntime140_1.dll
0x00007fff395e0000 - 0x00007fff3966e000 	C:\Program Files\Java\jdk-23\bin\msvcp140.dll
0x00007fff07990000 - 0x00007fff086e0000 	C:\Program Files\Java\jdk-23\bin\server\jvm.dll
0x00007fff75480000 - 0x00007fff7552f000 	C:\WINDOWS\System32\ADVAPI32.dll
0x00007fff747a0000 - 0x00007fff7483f000 	C:\WINDOWS\System32\sechost.dll
0x00007fff743c0000 - 0x00007fff744e3000 	C:\WINDOWS\System32\RPCRT4.dll
0x00007fff731d0000 - 0x00007fff731f7000 	C:\WINDOWS\System32\bcrypt.dll
0x00007fff74280000 - 0x00007fff742eb000 	C:\WINDOWS\System32\WS2_32.dll
0x00007fff72650000 - 0x00007fff7269b000 	C:\WINDOWS\SYSTEM32\POWRPROF.dll
0x00007fff6f730000 - 0x00007fff6f73a000 	C:\WINDOWS\SYSTEM32\VERSION.dll
0x00007fff693c0000 - 0x00007fff693e7000 	C:\WINDOWS\SYSTEM32\WINMM.dll
0x00007fff72510000 - 0x00007fff72522000 	C:\WINDOWS\SYSTEM32\UMPDC.dll
0x00007fff70f90000 - 0x00007fff70fa2000 	C:\WINDOWS\SYSTEM32\kernel.appcore.dll
0x00007fff616e0000 - 0x00007fff616ea000 	C:\Program Files\Java\jdk-23\bin\jimage.dll
0x00007fff67450000 - 0x00007fff67651000 	C:\WINDOWS\SYSTEM32\DBGHELP.DLL
0x00007fff566b0000 - 0x00007fff566e4000 	C:\WINDOWS\SYSTEM32\dbgcore.DLL
0x00007fff73140000 - 0x00007fff731c2000 	C:\WINDOWS\System32\bcryptPrimitives.dll
0x00007fff61780000 - 0x00007fff6179e000 	C:\Program Files\Java\jdk-23\bin\java.dll
0x00007fff744f0000 - 0x00007fff7461b000 	C:\WINDOWS\System32\ole32.dll
0x00007fff756d0000 - 0x00007fff75a23000 	C:\WINDOWS\System32\combase.dll
0x00007fff73aa0000 - 0x00007fff7420e000 	C:\WINDOWS\System32\SHELL32.dll

dbghelp: loaded successfully - version: 4.0.5 - missing functions: none
symbol engine: initialized successfully - sym options: 0x614 - pdb path: .;C:\Program Files\Java\jdk-23\bin;C:\WINDOWS\SYSTEM32;C:\WINDOWS\WinSxS\amd64_microsoft.windows.common-controls_6595b64144ccf1df_6.0.19041.5794_none_60bcd33171f2783c;C:\Program Files\Java\jdk-23\bin\server

VM Arguments:
jvm_args: -Dfile.encoding=UTF-8 --module-path=C:\Users\Windows 10\Documents\NetBeansProjects\Modul5_soal22\build\classes 
java_command: modul5_soal22.Main
java_class_path (initial): C:\Users\Windows 10\Documents\NetBeansProjects\Modul5_soal22\build\classes
Launcher Type: SUN_STANDARD

[Global flags]
     intx CICompilerCount                          = 4                                         {product} {ergonomic}
     uint ConcGCThreads                            = 2                                         {product} {ergonomic}
     uint G1ConcRefinementThreads                  = 8                                         {product} {ergonomic}
   size_t G1HeapRegionSize                         = 1048576                                   {product} {ergonomic}
   size_t InitialHeapSize                          = 67108864                                  {product} {ergonomic}
   size_t MarkStackSize                            = 4194304                                   {product} {ergonomic}
   size_t MarkStackSizeMax                         = 536870912                                 {product} {ergonomic}
   size_t MaxHeapSize                              = 1044381696                                {product} {ergonomic}
   size_t MinHeapDeltaBytes                        = 1048576                                   {product} {ergonomic}
   size_t MinHeapSize                              = 8388608                                   {product} {ergonomic}
    uintx NonNMethodCodeHeapSize                   = 5832704                                {pd product} {ergonomic}
    uintx NonProfiledCodeHeapSize                  = 122945536                              {pd product} {ergonomic}
    uintx ProfiledCodeHeapSize                     = 122880000                              {pd product} {ergonomic}
    uintx ReservedCodeCacheSize                    = 251658240                              {pd product} {ergonomic}
     bool SegmentedCodeCache                       = true                                      {product} {ergonomic}
   size_t SoftMaxHeapSize                          = 1044381696                             {manageable} {ergonomic}
     bool UseCompressedOops                        = true                           {product lp64_product} {ergonomic}
     bool UseG1GC                                  = true                                      {product} {ergonomic}
     bool UseLargePagesIndividualAllocation        = false                                  {pd product} {ergonomic}

Logging:
Log output configuration:
 #0: stdout all=warning uptime,level,tags foldmultilines=false
 #1: stderr all=off uptime,level,tags foldmultilines=false

Environment Variables:
PATH=C:\Program Files\Common Files\Oracle\Java\javapath;E:\app\wilysm\product\12.2.0\dbhome_1\bin;c:\programdata\oracle\java\javapath;f:\app\windows10\product\11.2.0\dbhome_1\bin;c:\program files (x86)\falcon\mingw\bin;C:\WINDOWS\system32;C:\WINDOWS;C:\WINDOWS\system32\wbem;C:\WINDOWS\system32\windowspowershell\v1.0\;C:\Program Files (x86)\MATLAB71\bin\win32;C:\WINDOWS\system32;C:\WINDOWS;C:\WINDOWS\System32\Wbem;C:\WINDOWS\System32\WindowsPowerShell\v1.0\;C:\WINDOWS\System32\OpenSSH\;C:\Program Files\PuTTY\;C:\Program Files\Git\cmd;C:\laragon\bin\mysql\mysql-8.4.3-winx64;C:\Users\Windows 10\AppData\Local\Programs\Python\Python312\Scripts\;C:\Users\Windows 10\AppData\Local\Programs\Python\Python312\;C:\Users\Windows 10\AppData\Local\Microsoft\WindowsApps;C:\Program Files (x86)\Nmap;C:\Users\Windows 10\AppData\Local\Programs\Microsoft VS Code\bin
USERNAME=Windows 10
OS=Windows_NT
PROCESSOR_IDENTIFIER=Intel64 Family 6 Model 60 Stepping 3, GenuineIntel
TMP=C:\Users\WINDOW~1\AppData\Local\Temp
TEMP=C:\Users\WINDOW~1\AppData\Local\Temp




Periodic native trim disabled

---------------  S Y S T E M  ---------------

OS:
 Windows 10 , 64 bit Build 19041 (10.0.19041.5794)
OS uptime: 0 days 1:02 hours

CPU: total 8 (initial active 8) (4 cores per cpu, 2 threads per core) family 6 model 60 stepping 3 microcode 0x27, cx8, cmov, fxsr, ht, mmx, sse, sse2, sse3, ssse3, sse4.1, sse4.2, popcnt, lzcnt, tsc, tscinvbit, avx, avx2, aes, erms, clmul, bmi1, bmi2, fma, vzeroupper, clflush, rdtscp, f16c
Processor Information for the first 8 processors :
  Max Mhz: 2594, Current Mhz: 2594, Mhz Limit: 2594

Memory: 4k page, system-wide physical 3977M (264M free)
TotalPageFile size 5370M (AvailPageFile size 56M)
current process WorkingSet (physical memory assigned to process): 11M, peak: 11M
current process commit charge ("private bytes"): 60M, peak: 124M

vm_info: Java HotSpot(TM) 64-Bit Server VM (23.0.2+7-58) for windows-amd64 JRE (23.0.2+7-58), built on 2024-11-29T09:34:55Z with MS VC++ 17.6 (VS2022)

END.
