#
# There is insufficient memory for the Java Runtime Environment to continue.
# Native memory allocation (malloc) failed to allocate 1048576 bytes. Error detail: AllocateHeap
# Possible reasons:
#   The system is out of physical RAM or swap space
#   This process is running with CompressedOops enabled, and the Java Heap may be blocking the growth of the native heap
# Possible solutions:
#   Reduce memory load on the system
#   Increase physical memory or swap space
#   Check if swap backing store is full
#   Decrease Java heap size (-Xmx/-Xms)
#   Decrease number of Java threads
#   Decrease Java thread stack sizes (-Xss)
#   Set larger code cache with -XX:ReservedCodeCacheSize=
#   JVM is running with Unscaled Compressed Oops mode in which the Java heap is
#     placed in the first 4GB address space. The Java Heap base address is the
#     maximum limit for the native heap growth. Please use -XX:HeapBaseMinAddress
#     to set the Java Heap base and to place the Java Heap above 4GB virtual address.
# This output file may be truncated or incomplete.
#
#  Out of Memory Error (allocation.cpp:44), pid=12256, tid=9140
#
# JRE version:  (23.0.2+7) (build )
# Java VM: Java HotSpot(TM) 64-Bit Server VM (23.0.2+7-58, mixed mode, sharing, tiered, compressed oops, compressed class ptrs, g1 gc, windows-amd64)
# No core dump will be written. Minidumps are not enabled by default on client versions of Windows
#

---------------  S U M M A R Y ------------

Command Line: -Dfile.encoding=UTF-8 --module-path=C:\Users\Windows 10\Documents\NetBeansProjects\modul4 soal 1\build\classes modul4.soal.pkg1.Modul4Soal1

Host: Intel(R) Core(TM) i7-4720HQ CPU @ 2.60GHz, 8 cores, 3G,  Windows 10 , 64 bit Build 19041 (10.0.19041.5794)
Time: Thu May 15 17:51:42 2025 SE Asia Standard Time elapsed time: 1.016042 seconds (0d 0h 0m 1s)

---------------  T H R E A D  ---------------

Current thread (0x000001a9fa5fa340):  JavaThread "Unknown thread" [_thread_in_vm, id=9140, stack(0x00000039cdb00000,0x00000039cdc00000) (1024K)]

Stack: [0x00000039cdb00000,0x00000039cdc00000]
Native frames: (J=compiled Java code, j=interpreted, Vv=VM code, C=native code)
V  [jvm.dll+0x6e0b99]  (no source info available)
V  [jvm.dll+0x87e2b3]  (no source info available)
V  [jvm.dll+0x88073e]  (no source info available)
V  [jvm.dll+0x880e13]  (no source info available)
V  [jvm.dll+0x27b006]  (no source info available)
V  [jvm.dll+0xb6a17]  (no source info available)
V  [jvm.dll+0x3316a5]  (no source info available)
V  [jvm.dll+0x329761]  (no source info available)
V  [jvm.dll+0x8449a5]  (no source info available)
V  [jvm.dll+0x3b9a08]  (no source info available)
V  [jvm.dll+0x82d68c]  (no source info available)
V  [jvm.dll+0x454f2e]  (no source info available)
V  [jvm.dll+0x456db1]  (no source info available)
C  [jli.dll+0x52a3]  (no source info available)
C  [ucrtbase.dll+0x21bb2]  (no source info available)
C  [KERNEL32.DLL+0x17374]  (no source info available)
C  [ntdll.dll+0x4cc91]  (no source info available)

Lock stack of current Java thread (top to bottom):


---------------  P R O C E S S  ---------------

Threads class SMR info:
_java_thread_list=0x00007ff98fe14618, length=0, elements={
}

Java Threads: ( => current thread )
Total: 0

Other Threads:
  0x000001a9fc8b5a50 WorkerThread "GC Thread#0"                     [id=3300, stack(0x00000039cdc00000,0x00000039cdd00000) (1024K)]

[error occurred during error reporting (printing all threads), id 0xc0000005, EXCEPTION_ACCESS_VIOLATION (0xc0000005) at pc=0x00007ff98f556950]
VM state: not at safepoint (not fully initialized)

VM Mutex/Monitor currently owned by a thread:  ([mutex/lock_event])
[0x00007ff98fe94988] Heap_lock - owner thread: 0x000001a9fa5fa340

Heap address: 0x00000000c1c00000, size: 996 MB, Compressed Oops mode: 32-bit

CDS archive(s) mapped at: [0x0000000000000000-0x0000000000000000-0x0000000000000000), size 0, SharedBaseAddress: 0x0000000800000000, ArchiveRelocationMode: 1.
Narrow klass base: 0x0000000000000000, Narrow klass shift: 0, Narrow klass range: 0x0

GC Precious Log:
 CardTable entry size: 512
 Card Set container configuration: InlinePtr #cards 5 size 8 Array Of Cards #cards 10 size 36 Howl #buckets 4 coarsen threshold 1843 Howl Bitmap #cards 512 size 80 coarsen threshold 460 Card regions per heap region 1 cards per card region 2048

Heap:
 garbage-first heap   total reserved 1019904K, committed 0K, used 0K [0x00000000c1c00000, 0x0000000100000000)
  region size 1024K, 0 young (0K), 0 survivors (0K)

[error occurred during error reporting (printing heap information), id 0xc0000005, EXCEPTION_ACCESS_VIOLATION (0xc0000005) at pc=0x00007ff98f95c6a9]
GC Heap History (0 events):
No events

Dll operation events (1 events):
Event: 0.752 Loaded shared library C:\Program Files\Java\jdk-23\bin\java.dll

Deoptimization events (0 events):
No events

Classes loaded (0 events):
No events

Classes unloaded (0 events):
No events

Classes redefined (0 events):
No events

Internal exceptions (0 events):
No events

VM Operations (0 events):
No events

Memory protections (0 events):
No events

Nmethod flushes (0 events):
No events

Events (0 events):
No events


Dynamic libraries:
0x00007ff737f30000 - 0x00007ff737f40000 	C:\Program Files\Java\jdk-23\bin\java.exe
0x00007ff9fbdf0000 - 0x00007ff9fbfe8000 	C:\WINDOWS\SYSTEM32\ntdll.dll
0x00007ff9fa3f0000 - 0x00007ff9fa4b2000 	C:\WINDOWS\System32\KERNEL32.DLL
0x00007ff9f9550000 - 0x00007ff9f9846000 	C:\WINDOWS\System32\KERNELBASE.dll
0x00007ff9f9b40000 - 0x00007ff9f9c40000 	C:\WINDOWS\System32\ucrtbase.dll
0x00007ff9e9c30000 - 0x00007ff9e9c47000 	C:\Program Files\Java\jdk-23\bin\jli.dll
0x00007ff9fb0b0000 - 0x00007ff9fb24d000 	C:\WINDOWS\System32\USER32.dll
0x00007ff9f9df0000 - 0x00007ff9f9e12000 	C:\WINDOWS\System32\win32u.dll
0x00007ff9ece10000 - 0x00007ff9ed0aa000 	C:\WINDOWS\WinSxS\amd64_microsoft.windows.common-controls_6595b64144ccf1df_6.0.19041.5794_none_60bcd33171f2783c\COMCTL32.dll
0x00007ff9fa6b0000 - 0x00007ff9fa6db000 	C:\WINDOWS\System32\GDI32.dll
0x00007ff9f98f0000 - 0x00007ff9f9a0a000 	C:\WINDOWS\System32\gdi32full.dll
0x00007ff9f9850000 - 0x00007ff9f98ed000 	C:\WINDOWS\System32\msvcp_win.dll
0x00007ff9ed280000 - 0x00007ff9ed29b000 	C:\Program Files\Java\jdk-23\bin\VCRUNTIME140.dll
0x00007ff9fbb30000 - 0x00007ff9fbbce000 	C:\WINDOWS\System32\msvcrt.dll
0x00007ff9fa5f0000 - 0x00007ff9fa61f000 	C:\WINDOWS\System32\IMM32.DLL
0x00007ff9f66a0000 - 0x00007ff9f66ac000 	C:\Program Files\Java\jdk-23\bin\vcruntime140_1.dll
0x00007ff9e4990000 - 0x00007ff9e4a1e000 	C:\Program Files\Java\jdk-23\bin\msvcp140.dll
0x00007ff98f220000 - 0x00007ff98ff70000 	C:\Program Files\Java\jdk-23\bin\server\jvm.dll
0x00007ff9fa290000 - 0x00007ff9fa33f000 	C:\WINDOWS\System32\ADVAPI32.dll
0x00007ff9fb830000 - 0x00007ff9fb8cf000 	C:\WINDOWS\System32\sechost.dll
0x00007ff9fa4c0000 - 0x00007ff9fa5e3000 	C:\WINDOWS\System32\RPCRT4.dll
0x00007ff9f9520000 - 0x00007ff9f9547000 	C:\WINDOWS\System32\bcrypt.dll
0x00007ff9fb930000 - 0x00007ff9fb99b000 	C:\WINDOWS\System32\WS2_32.dll
0x00007ff9f8de0000 - 0x00007ff9f8e2b000 	C:\WINDOWS\SYSTEM32\POWRPROF.dll
0x00007ff9f00a0000 - 0x00007ff9f00c7000 	C:\WINDOWS\SYSTEM32\WINMM.dll
0x00007ff9f5af0000 - 0x00007ff9f5afa000 	C:\WINDOWS\SYSTEM32\VERSION.dll
0x00007ff9f8dc0000 - 0x00007ff9f8dd2000 	C:\WINDOWS\SYSTEM32\UMPDC.dll
0x00007ff9f7310000 - 0x00007ff9f7322000 	C:\WINDOWS\SYSTEM32\kernel.appcore.dll
0x00007ff9f6670000 - 0x00007ff9f667a000 	C:\Program Files\Java\jdk-23\bin\jimage.dll
0x00007ff9d5570000 - 0x00007ff9d5771000 	C:\WINDOWS\SYSTEM32\DBGHELP.DLL
0x00007ff9d5530000 - 0x00007ff9d5564000 	C:\WINDOWS\SYSTEM32\dbgcore.DLL
0x00007ff9f9490000 - 0x00007ff9f9512000 	C:\WINDOWS\System32\bcryptPrimitives.dll
0x00007ff9ed220000 - 0x00007ff9ed23e000 	C:\Program Files\Java\jdk-23\bin\java.dll
0x00007ff9fba00000 - 0x00007ff9fbb2b000 	C:\WINDOWS\System32\ole32.dll
0x00007ff9fb330000 - 0x00007ff9fb683000 	C:\WINDOWS\System32\combase.dll
0x00007ff9fa7c0000 - 0x00007ff9faf2e000 	C:\WINDOWS\System32\SHELL32.dll

dbghelp: loaded successfully - version: 4.0.5 - missing functions: none
symbol engine: initialized successfully - sym options: 0x614 - pdb path: .;C:\Program Files\Java\jdk-23\bin;C:\WINDOWS\SYSTEM32;C:\WINDOWS\WinSxS\amd64_microsoft.windows.common-controls_6595b64144ccf1df_6.0.19041.5794_none_60bcd33171f2783c;C:\Program Files\Java\jdk-23\bin\server

VM Arguments:
jvm_args: -Dfile.encoding=UTF-8 --module-path=C:\Users\Windows 10\Documents\NetBeansProjects\modul4 soal 1\build\classes 
java_command: modul4.soal.pkg1.Modul4Soal1
java_class_path (initial): C:\Users\Windows 10\Documents\NetBeansProjects\modul4 soal 1\build\classes
Launcher Type: SUN_STANDARD

[Global flags]
     intx CICompilerCount                          = 4                                         {product} {ergonomic}
     uint ConcGCThreads                            = 2                                         {product} {ergonomic}
     uint G1ConcRefinementThreads                  = 8                                         {product} {ergonomic}
   size_t G1HeapRegionSize                         = 1048576                                   {product} {ergonomic}
   size_t InitialHeapSize                          = 67108864                                  {product} {ergonomic}
   size_t MarkStackSize                            = 4194304                                   {product} {ergonomic}
   size_t MarkStackSizeMax                         = 536870912                                 {product} {ergonomic}
   size_t MaxHeapSize                              = 1044381696                                {product} {ergonomic}
   size_t MinHeapDeltaBytes                        = 1048576                                   {product} {ergonomic}
   size_t MinHeapSize                              = 8388608                                   {product} {ergonomic}
    uintx NonNMethodCodeHeapSize                   = 5832704                                {pd product} {ergonomic}
    uintx NonProfiledCodeHeapSize                  = 122945536                              {pd product} {ergonomic}
    uintx ProfiledCodeHeapSize                     = 122880000                              {pd product} {ergonomic}
    uintx ReservedCodeCacheSize                    = 251658240                              {pd product} {ergonomic}
     bool SegmentedCodeCache                       = true                                      {product} {ergonomic}
   size_t SoftMaxHeapSize                          = 1044381696                             {manageable} {ergonomic}
     bool UseCompressedOops                        = true                           {product lp64_product} {ergonomic}
     bool UseG1GC                                  = true                                      {product} {ergonomic}
     bool UseLargePagesIndividualAllocation        = false                                  {pd product} {ergonomic}

Logging:
Log output configuration:
 #0: stdout all=warning uptime,level,tags foldmultilines=false
 #1: stderr all=off uptime,level,tags foldmultilines=false

Environment Variables:
PATH=C:\Program Files\Common Files\Oracle\Java\javapath;E:\app\wilysm\product\12.2.0\dbhome_1\bin;c:\programdata\oracle\java\javapath;f:\app\windows10\product\11.2.0\dbhome_1\bin;c:\program files (x86)\falcon\mingw\bin;C:\WINDOWS\system32;C:\WINDOWS;C:\WINDOWS\system32\wbem;C:\WINDOWS\system32\windowspowershell\v1.0\;C:\Program Files (x86)\MATLAB71\bin\win32;C:\WINDOWS\system32;C:\WINDOWS;C:\WINDOWS\System32\Wbem;C:\WINDOWS\System32\WindowsPowerShell\v1.0\;C:\WINDOWS\System32\OpenSSH\;C:\Program Files\PuTTY\;C:\Program Files\Git\cmd;C:\laragon\bin\mysql\mysql-8.4.3-winx64;C:\Users\Windows 10\AppData\Local\Programs\Python\Python312\Scripts\;C:\Users\Windows 10\AppData\Local\Programs\Python\Python312\;C:\Users\Windows 10\AppData\Local\Microsoft\WindowsApps;C:\Program Files (x86)\Nmap;C:\Users\Windows 10\AppData\Local\Programs\Microsoft VS Code\bin
USERNAME=Windows 10
OS=Windows_NT
PROCESSOR_IDENTIFIER=Intel64 Family 6 Model 60 Stepping 3, GenuineIntel
TMP=C:\Users\WINDOW~1\AppData\Local\Temp
TEMP=C:\Users\WINDOW~1\AppData\Local\Temp




Periodic native trim disabled

---------------  S Y S T E M  ---------------

OS:
 Windows 10 , 64 bit Build 19041 (10.0.19041.5794)
OS uptime: 0 days 2:48 hours

CPU: total 8 (initial active 8) (4 cores per cpu, 2 threads per core) family 6 model 60 stepping 3 microcode 0x27, cx8, cmov, fxsr, ht, mmx, sse, sse2, sse3, ssse3, sse4.1, sse4.2, popcnt, lzcnt, tsc, tscinvbit, avx, avx2, aes, erms, clmul, bmi1, bmi2, fma, vzeroupper, clflush, rdtscp, f16c
Processor Information for the first 8 processors :
  Max Mhz: 2594, Current Mhz: 798, Mhz Limit: 2594

Memory: 4k page, system-wide physical 3977M (497M free)
TotalPageFile size 5370M (AvailPageFile size 5M)
current process WorkingSet (physical memory assigned to process): 11M, peak: 11M
current process commit charge ("private bytes"): 53M, peak: 53M

vm_info: Java HotSpot(TM) 64-Bit Server VM (23.0.2+7-58) for windows-amd64 JRE (23.0.2+7-58), built on 2024-11-29T09:34:55Z with MS VC++ 17.6 (VS2022)

END.
